0	0.584500	0.665700
1	0.439038	0.463787
2	0.736801	0.678815
3	0.687307	0.585215
4	0.699092	0.608766
5	0.046357	0.031552
6	0.813983	0.786651
7	0.040234	0.025492
8	0.814727	0.788522
9	0.671963	0.556105
10	0.702834	0.616471
11	0.695221	0.600911
12	0.046633	0.031725
13	0.582927	0.662877
14	0.705184	0.621072
15	0.694647	0.599758
16	0.697273	0.605060
17	0.046486	0.031633
18	0.813970	0.786617
19	0.040235	0.025493
20	0.814727	0.788522
21	0.671963	0.556105
22	0.702834	0.616471
23	0.695221	0.600911
24	0.046633	0.031725
25	0.582927	0.662877
26	0.705184	0.621072
27	0.694647	0.599758
28	0.697273	0.605060
29	0.046486	0.031633
30	0.813970	0.786617
31	0.040235	0.025493
32	0.814727	0.788522
33	0.671963	0.556105
34	0.702834	0.616471
35	0.695221	0.600911
36	0.046633	0.031725
37	0.582927	0.662877
38	0.705184	0.621072
39	0.694647	0.599758
40	0.697273	0.605060
41	0.046486	0.031633
42	0.813970	0.786617
43	0.040235	0.025493
44	0.814727	0.788522
45	0.671963	0.556105
46	0.702834	0.616471
47	0.695221	0.600911
48	0.046633	0.031725
49	0.582927	0.662877
50	0.705184	0.621072
51	0.694647	0.599758
52	0.697273	0.605060
53	0.046486	0.031633
54	0.813970	0.786617
55	0.040235	0.025493
56	0.814727	0.788522
57	0.671963	0.556105
58	0.702834	0.616471
59	0.695221	0.600911
60	0.046633	0.031725
61	0.582927	0.662877
62	0.705184	0.621072
63	0.694647	0.599758
64	0.697273	0.605060
65	0.046486	0.031633
66	0.813970	0.786617
67	0.040235	0.025493
68	0.814727	0.788522
69	0.671963	0.556105
70	0.702834	0.616471
71	0.695221	0.600911
72	0.046633	0.031725
73	0.582927	0.662877
74	0.705184	0.621072
75	0.694647	0.599758
76	0.697273	0.605060
77	0.046486	0.031633
78	0.813970	0.786617
79	0.040235	0.025493
80	0.814727	0.788522
81	0.671963	0.556105
82	0.702834	0.616471
83	0.695221	0.600911
84	0.046633	0.031725
85	0.582927	0.662877
86	0.705184	0.621072
87	0.694647	0.599758
88	0.697273	0.605060
89	0.046486	0.031633
90	0.813970	0.786617
91	0.040235	0.025493
92	0.814727	0.788522
93	0.671963	0.556105
94	0.702834	0.616471
95	0.695221	0.600911
96	0.046633	0.031725
97	0.582927	0.662877
98	0.705184	0.621072
99	0.694647	0.599758
100	0.697273	0.605060
101	0.046486	0.031633
102	0.813970	0.786617
103	0.040235	0.025493
104	0.814727	0.788522
105	0.671963	0.556105
106	0.702834	0.616471
107	0.695221	0.600911
108	0.046633	0.031725
109	0.582927	0.662877
110	0.705184	0.621072
111	0.694647	0.599758
112	0.697273	0.605060
113	0.046486	0.031633
114	0.813970	0.786617
115	0.040235	0.025493
116	0.814727	0.788522
117	0.671963	0.556105
118	0.702834	0.616471
119	0.695221	0.600911
120	0.046633	0.031725
121	0.582927	0.662877
122	0.705184	0.621072
123	0.694647	0.599758
124	0.697273	0.605060
125	0.046486	0.031633
126	0.813970	0.786617
127	0.040235	0.025493
128	0.814727	0.788522
129	0.671963	0.556105
130	0.702834	0.616471
131	0.695221	0.600911
132	0.046633	0.031725
133	0.582927	0.662877
134	0.705184	0.621072
135	0.694647	0.599758
136	0.697273	0.605060
137	0.046486	0.031633
138	0.813970	0.786617
139	0.040235	0.025493
140	0.814727	0.788522
141	0.671963	0.556105
142	0.702834	0.616471
143	0.695221	0.600911
144	0.046633	0.031725
145	0.582927	0.662877
146	0.705184	0.621072
147	0.694647	0.599758
148	0.697273	0.605060
149	0.046486	0.031633
150	0.813970	0.786617
151	0.040235	0.025493
152	0.814727	0.788522
153	0.671963	0.556105
154	0.702834	0.616471
155	0.695221	0.600911
156	0.046633	0.031725
157	0.582927	0.662877
158	0.705184	0.621072
159	0.694647	0.599758
160	0.697273	0.605060
161	0.046486	0.031633
162	0.813970	0.786617
163	0.040235	0.025493
164	0.814727	0.788522
165	0.671963	0.556105
166	0.702834	0.616471
167	0.695221	0.600911
168	0.046633	0.031725
169	0.582927	0.662877
170	0.705184	0.621072
171	0.694647	0.599758
172	0.697273	0.605060
173	0.046486	0.031633
174	0.813970	0.786617
175	0.040235	0.025493
176	0.814727	0.788522
177	0.671963	0.556105
178	0.702834	0.616471
179	0.695221	0.600911
180	0.046633	0.031725
181	0.582927	0.662877
182	0.705184	0.621072
183	0.694647	0.599758
184	0.697273	0.605060
185	0.046486	0.031633
186	0.813970	0.786617
187	0.040235	0.025493
188	0.814727	0.788522
189	0.671963	0.556105
190	0.702834	0.616471
191	0.695221	0.600911
192	0.046633	0.031725
193	0.582927	0.662877
194	0.705184	0.621072
195	0.694647	0.599758
196	0.697273	0.605060
197	0.046486	0.031633
198	0.813970	0.786617
199	0.040235	0.025493
200	0.814727	0.788522
201	0.671963	0.556105
202	0.702834	0.616471
203	0.695221	0.600911
204	0.046633	0.031725
205	0.582927	0.662877
206	0.705184	0.621072
207	0.045930	0.031286
208	0.814028	0.786762
209	0.040231	0.025489
210	0.814728	0.788523
211	0.671962	0.556105
212	0.702834	0.616471
213	0.046091	0.031386
214	0.583043	0.663078
215	0.049022	0.033182
216	0.813708	0.785960
217	0.672232	0.556603
218	0.702769	0.616336
219	0.695237	0.600944
220	0.697126	0.604762
221	0.046497	0.031640
222	0.582956	0.662928
223	0.049028	0.033185
224	0.813707	0.785959
225	0.672232	0.556603
226	0.048292	0.032756
227	0.813782	0.786147
228	0.040246	0.025505
229	0.584513	0.665637
230	0.704811	0.620292
231	0.045956	0.031302
232	0.814025	0.786756
233	0.040231	0.025489
234	0.814728	0.788523
235	0.671962	0.556105
236	0.702834	0.616471
237	0.046091	0.031386
238	0.583043	0.663078
239	0.049022	0.033182
240	0.813708	0.785960
241	0.672232	0.556603
242	0.702769	0.616336
243	0.695237	0.600944
244	0.697126	0.604762
245	0.046497	0.031640
246	0.582956	0.662928
247	0.049028	0.033185
248	0.813707	0.785959
249	0.672232	0.556603
250	0.048292	0.032756
251	0.813782	0.786147
252	0.040246	0.025505
253	0.584513	0.665637
254	0.704811	0.620292
255	0.045956	0.031302
256	0.814025	0.786756
257	0.040231	0.025489
258	0.814728	0.788523
259	0.671962	0.556105
260	0.702834	0.616471
261	0.046091	0.031386
262	0.583043	0.663078
263	0.049022	0.033182
264	0.813708	0.785960
265	0.672232	0.556603
266	0.702769	0.616336
267	0.695237	0.600944
268	0.697126	0.604762
269	0.046497	0.031640
270	0.582956	0.662928
271	0.049028	0.033185
272	0.813707	0.785959
273	0.672232	0.556603
274	0.048292	0.032756
275	0.813782	0.786147
276	0.040246	0.025505
277	0.584513	0.665637
278	0.704811	0.620292
279	0.045956	0.031302
280	0.814025	0.786756
281	0.040231	0.025489
282	0.814728	0.788523
283	0.671962	0.556105
284	0.702834	0.616471
285	0.046091	0.031386
286	0.583043	0.663078
287	0.049022	0.033182
288	0.813708	0.785960
289	0.672232	0.556603
290	0.702769	0.616336
291	0.695237	0.600944
292	0.697126	0.604762
293	0.046497	0.031640
294	0.582956	0.662928
295	0.049028	0.033185
296	0.813707	0.785959
297	0.672232	0.556603
298	0.048292	0.032756
299	0.813782	0.786147
300	0.040246	0.025505
301	0.584513	0.665637
302	0.704811	0.620292
303	0.045956	0.031302
304	0.814025	0.786756
305	0.040231	0.025489
306	0.814728	0.788523
307	0.671962	0.556105
308	0.702834	0.616471
309	0.046091	0.031386
310	0.583043	0.663078
311	0.049022	0.033182
312	0.813708	0.785960
313	0.672232	0.556603
314	0.702769	0.616336
315	0.695237	0.600944
316	0.697126	0.604762
317	0.046497	0.031640
318	0.582956	0.662928
319	0.049028	0.033185
320	0.813707	0.785959
321	0.672232	0.556603
322	0.048292	0.032756
323	0.813782	0.786147
324	0.040246	0.025505
325	0.584513	0.665637
326	0.704811	0.620292
327	0.045956	0.031302
328	0.814025	0.786756
329	0.040231	0.025489
330	0.814728	0.788523
331	0.671962	0.556105
332	0.702834	0.616471
333	0.046091	0.031386
334	0.583043	0.663078
335	0.049022	0.033182
336	0.813708	0.785960
337	0.672232	0.556603
338	0.702769	0.616336
339	0.695237	0.600944
340	0.697126	0.604762
341	0.046497	0.031640
342	0.582956	0.662928
343	0.049028	0.033185
344	0.813707	0.785959
345	0.672232	0.556603
346	0.048292	0.032756
347	0.813782	0.786147
348	0.040246	0.025505
349	0.584513	0.665637
350	0.704811	0.620292
351	0.045956	0.031302
352	0.814025	0.786756
353	0.040231	0.025489
354	0.814728	0.788523
355	0.671962	0.556105
356	0.702834	0.616471
357	0.046091	0.031386
358	0.583043	0.663078
359	0.049022	0.033182
360	0.813708	0.785960
361	0.672232	0.556603
362	0.702769	0.616336
363	0.695237	0.600944
364	0.697126	0.604762
365	0.046497	0.031640
366	0.582956	0.662928
367	0.049028	0.033185
368	0.813707	0.785959
369	0.672232	0.556603
370	0.048292	0.032756
371	0.813782	0.786147
372	0.040246	0.025505
373	0.584513	0.665637
374	0.704811	0.620292
375	0.045956	0.031302
376	0.814025	0.786756
377	0.040231	0.025489
378	0.814728	0.788523
379	0.671962	0.556105
380	0.702834	0.616471
381	0.046091	0.031386
382	0.583043	0.663078
383	0.049022	0.033182
384	0.813708	0.785960
385	0.672232	0.556603
386	0.702769	0.616336
387	0.695237	0.600944
388	0.697126	0.604762
389	0.046497	0.031640
390	0.582956	0.662928
391	0.049028	0.033185
392	0.813707	0.785959
393	0.672232	0.556603
394	0.048292	0.032756
395	0.813782	0.786147
396	0.040246	0.025505
397	0.584513	0.665637
398	0.704811	0.620292
399	0.045956	0.031302
400	0.814025	0.786756
401	0.040231	0.025489
402	0.814728	0.788523
403	0.671962	0.556105
404	0.702834	0.616471
405	0.046091	0.031386
406	0.583043	0.663078
407	0.049022	0.033182
408	0.813708	0.785960
409	0.672232	0.556603
410	0.702769	0.616336
411	0.695237	0.600944
412	0.697126	0.604762
413	0.046497	0.031640
414	0.582956	0.662928
415	0.049028	0.033185
416	0.813707	0.785959
417	0.672232	0.556603
418	0.048292	0.032756
419	0.813782	0.786147
420	0.040246	0.025505
421	0.584513	0.665637
422	0.704811	0.620292
423	0.045956	0.031302
424	0.814025	0.786756
425	0.040231	0.025489
426	0.814728	0.788523
427	0.671962	0.556105
428	0.702834	0.616471
429	0.046091	0.031386
430	0.583043	0.663078
431	0.049022	0.033182
432	0.813708	0.785960
433	0.672232	0.556603
434	0.702769	0.616336
435	0.695237	0.600944
436	0.697126	0.604762
437	0.046497	0.031640
438	0.582956	0.662928
439	0.049028	0.033185
440	0.813707	0.785959
441	0.672232	0.556603
442	0.048292	0.032756
443	0.813782	0.786147
444	0.040246	0.025505
445	0.584513	0.665637
446	0.704811	0.620292
447	0.045956	0.031302
448	0.814025	0.786756
449	0.040231	0.025489
450	0.814728	0.788523
451	0.671962	0.556105
452	0.702834	0.616471
453	0.046091	0.031386
454	0.583043	0.663078
455	0.049022	0.033182
456	0.813708	0.785960
457	0.672232	0.556603
458	0.702769	0.616336
459	0.695237	0.600944
460	0.697126	0.604762
461	0.046497	0.031640
462	0.582956	0.662928
463	0.049028	0.033185
464	0.813707	0.785959
465	0.672232	0.556603
466	0.048292	0.032756
467	0.813782	0.786147
468	0.040246	0.025505
469	0.584513	0.665637
470	0.704811	0.620292
471	0.045956	0.031302
472	0.814025	0.786756
473	0.040231	0.025489
474	0.814728	0.788523
475	0.671962	0.556105
476	0.702834	0.616471
477	0.046091	0.031386
478	0.583043	0.663078
479	0.049022	0.033182
480	0.813708	0.785960
481	0.672232	0.556603
482	0.702769	0.616336
483	0.695237	0.600944
484	0.697126	0.604762
485	0.046497	0.031640
486	0.582956	0.662928
487	0.049028	0.033185
488	0.813707	0.785959
489	0.672232	0.556603
490	0.048292	0.032756
491	0.813782	0.786147
492	0.040246	0.025505
493	0.584513	0.665637
494	0.704811	0.620292
495	0.045956	0.031302
496	0.814025	0.786756
497	0.040231	0.025489
498	0.814728	0.788523
499	0.671962	0.556105
500	0.702834	0.616471
501	0.046091	0.031386
502	0.583043	0.663078
503	0.049022	0.033182
504	0.813708	0.785960
505	0.672232	0.556603
506	0.702769	0.616336
507	0.695237	0.600944
508	0.697126	0.604762
509	0.046497	0.031640
510	0.582956	0.662928
511	0.049028	0.033185
512	0.813707	0.785959
513	0.672232	0.556603
514	0.048292	0.032756
515	0.813782	0.786147
516	0.040246	0.025505
517	0.584513	0.665637
518	0.704811	0.620292
519	0.045956	0.031302
520	0.814025	0.786756
521	0.040231	0.025489
522	0.814728	0.788523
523	0.671962	0.556105
524	0.702834	0.616471
525	0.046091	0.031386
526	0.583043	0.663078
527	0.049022	0.033182
528	0.813708	0.785960
529	0.672232	0.556603
530	0.702769	0.616336
531	0.695237	0.600944
532	0.697126	0.604762
533	0.046497	0.031640
534	0.582956	0.662928
535	0.049028	0.033185
536	0.813707	0.785959
537	0.672232	0.556603
538	0.048292	0.032756
539	0.813782	0.786147
540	0.040246	0.025505
541	0.584513	0.665637
542	0.704811	0.620292
543	0.045956	0.031302
544	0.814025	0.786756
545	0.040231	0.025489
546	0.814728	0.788523
547	0.671962	0.556105
548	0.702834	0.616471
549	0.046091	0.031386
550	0.583043	0.663078
551	0.049022	0.033182
552	0.813708	0.785960
553	0.672232	0.556603
554	0.702769	0.616336
555	0.695237	0.600944
556	0.697126	0.604762
557	0.046497	0.031640
558	0.582956	0.662928
559	0.049028	0.033185
560	0.813707	0.785959
561	0.672232	0.556603
562	0.048292	0.032756
563	0.813782	0.786147
564	0.040246	0.025505
565	0.584513	0.665637
566	0.704811	0.620292
567	0.045956	0.031302
568	0.814025	0.786756
569	0.040231	0.025489
570	0.814728	0.788523
571	0.671962	0.556105
572	0.702834	0.616471
573	0.046091	0.031386
574	0.583043	0.663078
575	0.049022	0.033182
576	0.813708	0.785960
577	0.672232	0.556603
578	0.702769	0.616336
579	0.695237	0.600944
580	0.697126	0.604762
581	0.046497	0.031640
582	0.582956	0.662928
583	0.049028	0.033185
584	0.813707	0.785959
585	0.672232	0.556603
586	0.048292	0.032756
587	0.813782	0.786147
588	0.040246	0.025505
589	0.584513	0.665637
590	0.704811	0.620292
591	0.045956	0.031302
592	0.814025	0.786756
593	0.040231	0.025489
594	0.814728	0.788523
595	0.671962	0.556105
596	0.702834	0.616471
597	0.046091	0.031386
598	0.583043	0.663078
599	0.049022	0.033182
600	0.813708	0.785960
601	0.672232	0.556603
602	0.702769	0.616336
603	0.695237	0.600944
604	0.697126	0.604762
605	0.046497	0.031640
606	0.582956	0.662928
607	0.049028	0.033185
608	0.813707	0.785959
609	0.672232	0.556603
610	0.048292	0.032756
611	0.813782	0.786147
612	0.040246	0.025505
613	0.584513	0.665637
